info: 2020-06-29 20:46:18|mysqlConect.ts:35|INFO|22728|Executing (default): SELECT 1+1 AS result
info: 2020-06-29 20:46:18|mysqlConect.ts:35|INFO|22728|Executing (default): SELECT * FROM `user`
info: 2020-06-29 20:46:18|mysqlConect.ts:43|INFO|22728|mysql connect start!
info: 2020-06-29 20:54:39|mysqlConect.ts:35|INFO|8740|Executing (default): SELECT 1+1 AS result
info: 2020-06-29 20:54:39|mysqlConect.ts:35|INFO|8740|Executing (default): SELECT * FROM `user`
info: 2020-06-29 20:54:39|mysqlConect.ts:43|INFO|8740|mysql connect start!
info: 2020-06-29 20:55:14|mysqlConect.ts:35|INFO|14936|Executing (default): SELECT 1+1 AS result
info: 2020-06-29 20:55:14|mysqlConect.ts:43|INFO|14936|mysql connect start!
info: 2020-06-29 20:55:14|mysqlConect.ts:35|INFO|14936|Executing (default): SELECT * FROM `user`
info: 2020-06-29 20:55:36|mysqlConect.ts:35|INFO|22292|Executing (default): SELECT 1+1 AS result
info: 2020-06-29 20:55:36|mysqlConect.ts:35|INFO|22292|Executing (default): SELECT * FROM `user`
info: 2020-06-29 20:55:36|mysqlConect.ts:43|INFO|22292|mysql connect start!
info: 2020-06-29 20:55:53|mysqlConect.ts:35|INFO|18364|Executing (default): SELECT 1+1 AS result
info: 2020-06-29 20:55:53|mysqlConect.ts:43|INFO|18364|mysql connect start!
info: 2020-06-29 20:55:53|mysqlConect.ts:35|INFO|18364|Executing (default): SELECT * FROM `user`
info: 2020-06-29 20:57:01|mysqlConect.ts:35|INFO|23224|Executing (default): SELECT 1+1 AS result
info: 2020-06-29 20:57:01|mysqlConect.ts:43|INFO|23224|mysql connect start!
info: 2020-06-29 20:57:01|mysqlConect.ts:35|INFO|23224|Executing (default): SELECT * FROM `user`
info: 2020-06-29 20:57:01|mysqlConect.ts:35|INFO|23224|Executing (default): SELECT `id`, `userNname` AS `user_name`, `nick_name`, `password`, `phone`, `address`, `create_time`, `update_time`, `email`, `sex`, `birthday` FROM `user` AS `User` WHERE `User`.`userNname` = '张丹' LIMIT 1;
info: 2020-06-29 20:57:12|mysqlConect.ts:35|INFO|18076|Executing (default): SELECT 1+1 AS result
info: 2020-06-29 20:57:12|mysqlConect.ts:35|INFO|18076|Executing (default): SELECT * FROM `user`
info: 2020-06-29 20:57:12|mysqlConect.ts:43|INFO|18076|mysql connect start!
info: 2020-06-29 20:57:12|mysqlConect.ts:35|INFO|18076|Executing (default): SELECT `id`, `user_name`, `nick_name`, `password`, `phone`, `address`, `create_time`, `update_time`, `email`, `sex`, `birthday` FROM `user` AS `User` WHERE `User`.`user_name` = '张丹' LIMIT 1;
info: 2020-06-29 20:57:12|mysqlConect.ts:35|INFO|18076|Executing (default): SELECT `id`, `user_name`, `nick_name`, `password`, `phone`, `address`, `create_time`, `update_time`, `email`, `sex`, `birthday` FROM `user` AS `User` WHERE `User`.`user_name` = '张丹' LIMIT 1;
info: 2020-06-29 20:57:30|mysqlConect.ts:35|INFO|2088|Executing (default): SELECT 1+1 AS result
info: 2020-06-29 20:57:30|mysqlConect.ts:35|INFO|2088|Executing (default): SELECT * FROM `user`
info: 2020-06-29 20:57:30|mysqlConect.ts:43|INFO|2088|mysql connect start!
info: 2020-06-29 20:57:30|mysqlConect.ts:35|INFO|2088|Executing (default): SELECT `id`, `userNname` AS `user_name`, `nick_name`, `password`, `phone`, `address`, `create_time`, `update_time`, `email`, `sex`, `birthday` FROM `user` AS `User` WHERE `User`.`userNname` = '张丹' LIMIT 1;
info: 2020-06-29 20:58:46|mysqlConect.ts:35|INFO|20004|Executing (default): SELECT 1+1 AS result
info: 2020-06-29 20:58:46|mysqlConect.ts:35|INFO|20004|Executing (default): SELECT * FROM `user`
info: 2020-06-29 20:58:46|mysqlConect.ts:43|INFO|20004|mysql connect start!
info: 2020-06-29 20:58:51|mysqlConect.ts:35|INFO|22476|Executing (default): SELECT 1+1 AS result
info: 2020-06-29 20:58:51|mysqlConect.ts:43|INFO|22476|mysql connect start!
info: 2020-06-29 20:58:51|mysqlConect.ts:35|INFO|22476|Executing (default): SELECT * FROM `user`
info: 2020-06-29 20:58:51|mysqlConect.ts:35|INFO|22476|Executing (default): SELECT `id`, `userName` AS `user_name`, `nick_name`, `password`, `phone`, `address`, `create_time`, `update_time`, `email`, `sex`, `birthday` FROM `user` AS `User` WHERE `User`.`userName` = '张丹' LIMIT 1;
info: 2020-06-29 20:58:52|mysqlConect.ts:35|INFO|22476|Executing (default): SELECT `id`, `userName` AS `user_name`, `nick_name`, `password`, `phone`, `address`, `create_time`, `update_time`, `email`, `sex`, `birthday` FROM `user` AS `User` WHERE `User`.`userName` = '张丹' LIMIT 1;
info: 2020-06-29 20:58:52|mysqlConect.ts:35|INFO|22476|Executing (default): SELECT `id`, `userName` AS `user_name`, `nick_name`, `password`, `phone`, `address`, `create_time`, `update_time`, `email`, `sex`, `birthday` FROM `user` AS `User` WHERE `User`.`userName` = '张丹' LIMIT 1;
info: 2020-06-29 20:58:53|mysqlConect.ts:35|INFO|22476|Executing (default): SELECT `id`, `userName` AS `user_name`, `nick_name`, `password`, `phone`, `address`, `create_time`, `update_time`, `email`, `sex`, `birthday` FROM `user` AS `User` WHERE `User`.`userName` = '张丹' LIMIT 1;
info: 2020-06-29 21:00:43|mysqlConect.ts:35|INFO|20780|Executing (default): SELECT 1+1 AS result
info: 2020-06-29 21:00:43|mysqlConect.ts:35|INFO|20780|Executing (default): SELECT * FROM `user`
info: 2020-06-29 21:00:43|mysqlConect.ts:43|INFO|20780|mysql connect start!
info: 2020-06-29 21:00:43|mysqlConect.ts:35|INFO|20780|Executing (default): SELECT `id`, `p_id` AS `user_name`, `nick_name`, `password`, `phone`, `address`, `create_time`, `update_time`, `email`, `sex`, `birthday` FROM `user` AS `User` WHERE `User`.`p_id` = '张丹' LIMIT 1;
info: 2020-06-29 21:00:43|mysqlConect.ts:35|INFO|20780|Executing (default): SELECT `id`, `p_id` AS `user_name`, `nick_name`, `password`, `phone`, `address`, `create_time`, `update_time`, `email`, `sex`, `birthday` FROM `user` AS `User` WHERE `User`.`p_id` = '张丹' LIMIT 1;
info: 2020-06-29 21:00:56|mysqlConect.ts:35|INFO|6816|Executing (default): SELECT 1+1 AS result
info: 2020-06-29 21:00:56|mysqlConect.ts:35|INFO|6816|Executing (default): SELECT * FROM `user`
info: 2020-06-29 21:00:56|mysqlConect.ts:43|INFO|6816|mysql connect start!
info: 2020-06-29 21:00:56|mysqlConect.ts:35|INFO|6816|Executing (default): SELECT `id`, `user_name`, `nick_name`, `password`, `phone`, `address`, `create_time`, `update_time`, `email`, `sex`, `birthday` FROM `user` AS `User` WHERE `User`.`user_name` = '张丹' LIMIT 1;
info: 2020-06-29 21:02:54|mysqlConect.ts:35|INFO|15988|Executing (default): SELECT 1+1 AS result
info: 2020-06-29 21:02:54|mysqlConect.ts:43|INFO|15988|mysql connect start!
info: 2020-06-29 21:02:54|mysqlConect.ts:35|INFO|15988|Executing (default): SELECT * FROM `user`
info: 2020-06-29 21:02:58|mysqlConect.ts:35|INFO|15988|Executing (default): SELECT `id`, `user_name`, `nick_name`, `password`, `phone`, `address`, `create_time`, `update_time`, `email`, `sex`, `birthday` FROM `user` AS `User` WHERE `User`.`user_name` = '张丹' LIMIT 1;
info: 2020-06-29 21:07:34|mysqlConect.ts:35|INFO|23560|Executing (default): SELECT 1+1 AS result
info: 2020-06-29 21:07:34|mysqlConect.ts:35|INFO|23560|Executing (default): SELECT * FROM `user`
info: 2020-06-29 21:07:34|mysqlConect.ts:43|INFO|23560|mysql connect start!
info: 2020-06-29 21:07:41|mysqlConect.ts:35|INFO|19892|Executing (default): SELECT 1+1 AS result
info: 2020-06-29 21:07:41|mysqlConect.ts:35|INFO|19892|Executing (default): SELECT * FROM `user`
info: 2020-06-29 21:07:41|mysqlConect.ts:43|INFO|19892|mysql connect start!
info: 2020-06-29 21:08:17|mysqlConect.ts:35|INFO|21308|Executing (default): SELECT 1+1 AS result
info: 2020-06-29 21:08:17|mysqlConect.ts:35|INFO|21308|Executing (default): SELECT * FROM `user`
info: 2020-06-29 21:08:17|mysqlConect.ts:43|INFO|21308|mysql connect start!
info: 2020-06-29 21:08:17|mysqlConect.ts:35|INFO|21308|Executing (default): SELECT `id`, `name`, `nick_name`, `password`, `phone`, `address`, `create_time`, `update_time`, `email`, `sex`, `birthday` FROM `user` AS `User` WHERE `User`.`user_name` = '张丹' LIMIT 1;
info: 2020-06-29 21:08:32|mysqlConect.ts:35|INFO|2092|Executing (default): SELECT 1+1 AS result
info: 2020-06-29 21:08:32|mysqlConect.ts:35|INFO|2092|Executing (default): SELECT * FROM `user`
info: 2020-06-29 21:08:32|mysqlConect.ts:43|INFO|2092|mysql connect start!
info: 2020-06-29 21:08:32|mysqlConect.ts:35|INFO|2092|Executing (default): SELECT `id`, `user_name`, `nick_name`, `password`, `phone`, `address`, `create_time`, `update_time`, `email`, `sex`, `birthday` FROM `user` AS `User` WHERE `User`.`user_name` = '张丹' LIMIT 1;
info: 2020-06-29 21:08:47|mysqlConect.ts:35|INFO|18032|Executing (default): SELECT 1+1 AS result
info: 2020-06-29 21:08:47|mysqlConect.ts:43|INFO|18032|mysql connect start!
info: 2020-06-29 21:08:47|mysqlConect.ts:35|INFO|18032|Executing (default): SELECT * FROM `user`
info: 2020-06-29 21:08:47|mysqlConect.ts:35|INFO|18032|Executing (default): SELECT `id`, `user_name`, `nick_name`, `password`, `phone`, `address`, `create_time`, `update_time`, `email`, `sex`, `birthday` FROM `user` AS `User` WHERE `User`.`user_name` = '张丹' LIMIT 1;
info: 2020-06-29 21:08:58|mysqlConect.ts:35|INFO|1220|Executing (default): SELECT 1+1 AS result
info: 2020-06-29 21:08:58|mysqlConect.ts:35|INFO|1220|Executing (default): SELECT * FROM `user`
info: 2020-06-29 21:08:58|mysqlConect.ts:43|INFO|1220|mysql connect start!
info: 2020-06-29 21:09:10|mysqlConect.ts:35|INFO|5060|Executing (default): SELECT 1+1 AS result
info: 2020-06-29 21:09:10|mysqlConect.ts:35|INFO|5060|Executing (default): SELECT * FROM `user`
info: 2020-06-29 21:09:10|mysqlConect.ts:43|INFO|5060|mysql connect start!
info: 2020-06-29 21:09:11|mysqlConect.ts:35|INFO|5060|Executing (default): SELECT `id`, `user_name`, `nick_name`, `password`, `phone`, `address`, `create_time`, `update_time`, `email`, `sex`, `birthday` FROM `user` AS `User` WHERE `User`.`user_name` = '张丹' LIMIT 1;
info: 2020-06-29 21:09:39|mysqlConect.ts:35|INFO|13892|Executing (default): SELECT 1+1 AS result
info: 2020-06-29 21:09:39|mysqlConect.ts:35|INFO|13892|Executing (default): SELECT * FROM `user`
info: 2020-06-29 21:09:39|mysqlConect.ts:43|INFO|13892|mysql connect start!
info: 2020-06-29 21:09:39|mysqlConect.ts:35|INFO|13892|Executing (default): SELECT `id`, `user_name`, `nick_name`, `password`, `phone`, `address`, `create_time`, `update_time`, `email`, `sex`, `birthday` FROM `user` AS `User` WHERE `User`.`user_name` = '张丹' LIMIT 1;
info: 2020-06-29 21:09:55|mysqlConect.ts:35|INFO|14224|Executing (default): SELECT 1+1 AS result
info: 2020-06-29 21:09:55|mysqlConect.ts:35|INFO|14224|Executing (default): SELECT * FROM `user`
info: 2020-06-29 21:09:55|mysqlConect.ts:43|INFO|14224|mysql connect start!
info: 2020-06-29 21:10:00|mysqlConect.ts:35|INFO|21948|Executing (default): SELECT 1+1 AS result
info: 2020-06-29 21:10:00|mysqlConect.ts:35|INFO|21948|Executing (default): SELECT * FROM `user`
info: 2020-06-29 21:10:00|mysqlConect.ts:43|INFO|21948|mysql connect start!
info: 2020-06-29 21:10:00|mysqlConect.ts:35|INFO|21948|Executing (default): SELECT `id`, `user_name`, `nick_name`, `password`, `phone`, `address`, `create_time`, `update_time`, `email`, `sex`, `birthday` FROM `user` AS `User` WHERE `User`.`user_name` = '张丹' LIMIT 1;
info: 2020-06-29 21:10:12|mysqlConect.ts:35|INFO|13752|Executing (default): SELECT 1+1 AS result
info: 2020-06-29 21:10:12|mysqlConect.ts:35|INFO|13752|Executing (default): SELECT * FROM `user`
info: 2020-06-29 21:10:12|mysqlConect.ts:43|INFO|13752|mysql connect start!
info: 2020-06-29 21:10:13|mysqlConect.ts:35|INFO|13752|Executing (default): SELECT `id`, `user_name`, `nick_name`, `password`, `phone`, `address`, `create_time`, `update_time`, `email`, `sex`, `birthday` FROM `user` AS `User` WHERE `User`.`user_name` = '张丹' LIMIT 1;
info: 2020-06-29 21:10:36|mysqlConect.ts:35|INFO|6212|Executing (default): SELECT 1+1 AS result
info: 2020-06-29 21:10:36|mysqlConect.ts:35|INFO|6212|Executing (default): SELECT * FROM `user`
info: 2020-06-29 21:10:36|mysqlConect.ts:43|INFO|6212|mysql connect start!
info: 2020-06-29 21:10:43|mysqlConect.ts:35|INFO|11164|Executing (default): SELECT 1+1 AS result
info: 2020-06-29 21:10:43|mysqlConect.ts:35|INFO|11164|Executing (default): SELECT * FROM `user`
info: 2020-06-29 21:10:43|mysqlConect.ts:43|INFO|11164|mysql connect start!
info: 2020-06-29 21:10:45|mysqlConect.ts:35|INFO|11164|Executing (default): SELECT `id`, `user_name`, `nick_name`, `password`, `phone`, `address`, `create_time`, `update_time`, `email`, `sex`, `birthday` FROM `user` AS `User` WHERE `User`.`user_name` = '张丹' LIMIT 1;
info: 2020-06-29 21:11:01|mysqlConect.ts:35|INFO|3252|Executing (default): SELECT 1+1 AS result
info: 2020-06-29 21:11:01|mysqlConect.ts:35|INFO|3252|Executing (default): SELECT * FROM `user`
info: 2020-06-29 21:11:01|mysqlConect.ts:43|INFO|3252|mysql connect start!
info: 2020-06-29 21:11:01|mysqlConect.ts:35|INFO|3252|Executing (default): SELECT `id`, `userName`, `nick_name`, `password`, `phone`, `address`, `create_time`, `update_time`, `email`, `sex`, `birthday` FROM `user` AS `User` WHERE `User`.`user_name` = '张丹' LIMIT 1;
info: 2020-06-29 21:11:19|mysqlConect.ts:35|INFO|20904|Executing (default): SELECT 1+1 AS result
info: 2020-06-29 21:11:19|mysqlConect.ts:35|INFO|20904|Executing (default): SELECT * FROM `user`
info: 2020-06-29 21:11:19|mysqlConect.ts:43|INFO|20904|mysql connect start!
info: 2020-06-29 21:11:20|mysqlConect.ts:35|INFO|20904|Executing (default): SELECT `id`, `userName`, `nick_name`, `password`, `phone`, `address`, `create_time`, `update_time`, `email`, `sex`, `birthday` FROM `user` AS `User` WHERE `User`.`user_name` = '张丹' LIMIT 1;
info: 2020-06-29 21:11:27|mysqlConect.ts:35|INFO|21072|Executing (default): SELECT 1+1 AS result
info: 2020-06-29 21:11:27|mysqlConect.ts:35|INFO|21072|Executing (default): SELECT * FROM `user`
info: 2020-06-29 21:11:27|mysqlConect.ts:43|INFO|21072|mysql connect start!
info: 2020-06-29 21:11:27|mysqlConect.ts:35|INFO|21072|Executing (default): SELECT `id`, `user_name`, `nick_name`, `password`, `phone`, `address`, `create_time`, `update_time`, `email`, `sex`, `birthday` FROM `user` AS `User` WHERE `User`.`user_name` = '张丹' LIMIT 1;
info: 2020-06-29 21:11:44|mysqlConect.ts:35|INFO|21912|Executing (default): SELECT 1+1 AS result
info: 2020-06-29 21:11:44|mysqlConect.ts:35|INFO|21912|Executing (default): SELECT * FROM `user`
info: 2020-06-29 21:11:44|mysqlConect.ts:43|INFO|21912|mysql connect start!
info: 2020-06-29 21:11:52|mysqlConect.ts:35|INFO|17692|Executing (default): SELECT 1+1 AS result
info: 2020-06-29 21:11:52|mysqlConect.ts:35|INFO|17692|Executing (default): SELECT * FROM `user`
info: 2020-06-29 21:11:52|mysqlConect.ts:43|INFO|17692|mysql connect start!
info: 2020-06-29 21:12:14|mysqlConect.ts:35|INFO|19100|Executing (default): SELECT 1+1 AS result
info: 2020-06-29 21:12:14|mysqlConect.ts:35|INFO|19100|Executing (default): SELECT * FROM `user`
info: 2020-06-29 21:12:14|mysqlConect.ts:43|INFO|19100|mysql connect start!
info: 2020-06-29 21:12:15|mysqlConect.ts:35|INFO|19100|Executing (default): SELECT `id`, `user_name`, `nick_name`, `password`, `phone`, `address`, `create_time`, `update_time`, `email`, `sex`, `birthday` FROM `user` AS `User` WHERE `User`.`user_name` = '张丹' LIMIT 1;
info: 2020-06-29 21:14:52|mysqlConect.ts:35|INFO|22556|Executing (default): SELECT 1+1 AS result
info: 2020-06-29 21:14:52|mysqlConect.ts:35|INFO|22556|Executing (default): SELECT * FROM `user`
info: 2020-06-29 21:14:52|mysqlConect.ts:43|INFO|22556|mysql connect start!
info: 2020-06-29 21:14:59|mysqlConect.ts:35|INFO|4028|Executing (default): SELECT 1+1 AS result
info: 2020-06-29 21:14:59|mysqlConect.ts:35|INFO|4028|Executing (default): SELECT * FROM `user`
info: 2020-06-29 21:14:59|mysqlConect.ts:43|INFO|4028|mysql connect start!
info: 2020-06-29 21:15:02|mysqlConect.ts:35|INFO|4028|Executing (default): SELECT `id`, `dddd` AS `user_name`, `nick_name`, `password`, `phone`, `address`, `create_time`, `update_time`, `email`, `sex`, `birthday` FROM `user` AS `User` WHERE `User`.`dddd` = '张丹' LIMIT 1;
info: 2020-06-29 21:23:33|mysqlConect.ts:35|INFO|3168|Executing (default): SELECT 1+1 AS result
info: 2020-06-29 21:23:33|mysqlConect.ts:43|INFO|3168|mysql connect start!
info: 2020-06-29 21:23:33|mysqlConect.ts:35|INFO|3168|Executing (default): SELECT * FROM `user`
info: 2020-06-29 21:23:34|mysqlConect.ts:35|INFO|3168|Executing (default): SELECT `id`, `p_id` AS `user_name`, `nick_name`, `password`, `phone`, `address`, `create_time`, `update_time`, `email`, `sex`, `birthday` FROM `user` AS `User` WHERE `User`.`p_id` = '张丹' LIMIT 1;
info: 2020-06-29 21:23:35|mysqlConect.ts:35|INFO|3168|Executing (default): SELECT `id`, `p_id` AS `user_name`, `nick_name`, `password`, `phone`, `address`, `create_time`, `update_time`, `email`, `sex`, `birthday` FROM `user` AS `User` WHERE `User`.`p_id` = '张丹' LIMIT 1;
info: 2020-06-29 21:23:35|mysqlConect.ts:35|INFO|3168|Executing (default): SELECT `id`, `p_id` AS `user_name`, `nick_name`, `password`, `phone`, `address`, `create_time`, `update_time`, `email`, `sex`, `birthday` FROM `user` AS `User` WHERE `User`.`p_id` = '张丹' LIMIT 1;
info: 2020-06-29 21:23:35|mysqlConect.ts:35|INFO|3168|Executing (default): SELECT `id`, `p_id` AS `user_name`, `nick_name`, `password`, `phone`, `address`, `create_time`, `update_time`, `email`, `sex`, `birthday` FROM `user` AS `User` WHERE `User`.`p_id` = '张丹' LIMIT 1;
info: 2020-06-29 21:23:47|mysqlConect.ts:35|INFO|26128|Executing (default): SELECT 1+1 AS result
info: 2020-06-29 21:23:47|mysqlConect.ts:43|INFO|26128|mysql connect start!
info: 2020-06-29 21:23:47|mysqlConect.ts:35|INFO|26128|Executing (default): SELECT * FROM `user`
info: 2020-06-29 21:23:47|mysqlConect.ts:35|INFO|26128|Executing (default): SELECT `id`, `p_id` AS `user_name`, `nick_name`, `password`, `phone`, `address`, `create_time`, `update_time`, `email`, `sex`, `birthday` FROM `user` AS `User` WHERE `User`.`p_id` = '张丹' LIMIT 1;
info: 2020-06-29 21:23:47|mysqlConect.ts:35|INFO|26128|Executing (default): SELECT `id`, `p_id` AS `user_name`, `nick_name`, `password`, `phone`, `address`, `create_time`, `update_time`, `email`, `sex`, `birthday` FROM `user` AS `User` WHERE `User`.`p_id` = '张丹' LIMIT 1;
info: 2020-06-29 21:23:47|mysqlConect.ts:35|INFO|26128|Executing (default): SELECT `id`, `p_id` AS `user_name`, `nick_name`, `password`, `phone`, `address`, `create_time`, `update_time`, `email`, `sex`, `birthday` FROM `user` AS `User` WHERE `User`.`p_id` = '张丹' LIMIT 1;
info: 2020-06-29 21:23:47|mysqlConect.ts:35|INFO|26128|Executing (default): SELECT `id`, `p_id` AS `user_name`, `nick_name`, `password`, `phone`, `address`, `create_time`, `update_time`, `email`, `sex`, `birthday` FROM `user` AS `User` WHERE `User`.`p_id` = '张丹' LIMIT 1;
info: 2020-06-29 21:23:47|mysqlConect.ts:35|INFO|26128|Executing (default): SELECT `id`, `p_id` AS `user_name`, `nick_name`, `password`, `phone`, `address`, `create_time`, `update_time`, `email`, `sex`, `birthday` FROM `user` AS `User` WHERE `User`.`p_id` = '张丹' LIMIT 1;
info: 2020-06-29 21:23:47|mysqlConect.ts:35|INFO|26128|Executing (default): SELECT `id`, `p_id` AS `user_name`, `nick_name`, `password`, `phone`, `address`, `create_time`, `update_time`, `email`, `sex`, `birthday` FROM `user` AS `User` WHERE `User`.`p_id` = '张丹' LIMIT 1;
info: 2020-06-29 21:23:48|mysqlConect.ts:35|INFO|26128|Executing (default): SELECT `id`, `p_id` AS `user_name`, `nick_name`, `password`, `phone`, `address`, `create_time`, `update_time`, `email`, `sex`, `birthday` FROM `user` AS `User` WHERE `User`.`p_id` = '张丹' LIMIT 1;
info: 2020-06-29 21:23:48|mysqlConect.ts:35|INFO|26128|Executing (default): SELECT `id`, `p_id` AS `user_name`, `nick_name`, `password`, `phone`, `address`, `create_time`, `update_time`, `email`, `sex`, `birthday` FROM `user` AS `User` WHERE `User`.`p_id` = '张丹' LIMIT 1;
info: 2020-06-29 21:23:48|mysqlConect.ts:35|INFO|26128|Executing (default): SELECT `id`, `p_id` AS `user_name`, `nick_name`, `password`, `phone`, `address`, `create_time`, `update_time`, `email`, `sex`, `birthday` FROM `user` AS `User` WHERE `User`.`p_id` = '张丹' LIMIT 1;
info: 2020-06-29 21:23:48|mysqlConect.ts:35|INFO|26128|Executing (default): SELECT `id`, `p_id` AS `user_name`, `nick_name`, `password`, `phone`, `address`, `create_time`, `update_time`, `email`, `sex`, `birthday` FROM `user` AS `User` WHERE `User`.`p_id` = '张丹' LIMIT 1;
info: 2020-06-29 21:23:48|mysqlConect.ts:35|INFO|26128|Executing (default): SELECT `id`, `p_id` AS `user_name`, `nick_name`, `password`, `phone`, `address`, `create_time`, `update_time`, `email`, `sex`, `birthday` FROM `user` AS `User` WHERE `User`.`p_id` = '张丹' LIMIT 1;
info: 2020-06-29 21:23:49|mysqlConect.ts:35|INFO|26128|Executing (default): SELECT `id`, `p_id` AS `user_name`, `nick_name`, `password`, `phone`, `address`, `create_time`, `update_time`, `email`, `sex`, `birthday` FROM `user` AS `User` WHERE `User`.`p_id` = '张丹' LIMIT 1;
info: 2020-06-29 21:23:58|mysqlConect.ts:35|INFO|15896|Executing (default): SELECT 1+1 AS result
info: 2020-06-29 21:23:58|mysqlConect.ts:35|INFO|15896|Executing (default): SELECT * FROM `user`
info: 2020-06-29 21:23:58|mysqlConect.ts:43|INFO|15896|mysql connect start!
info: 2020-06-29 21:24:02|mysqlConect.ts:35|INFO|16952|Executing (default): SELECT 1+1 AS result
info: 2020-06-29 21:24:02|mysqlConect.ts:35|INFO|16952|Executing (default): SELECT * FROM `user`
info: 2020-06-29 21:24:02|mysqlConect.ts:43|INFO|16952|mysql connect start!
info: 2020-06-29 21:24:02|mysqlConect.ts:35|INFO|16952|Executing (default): SELECT `id`, `dddd` AS `user_name`, `nick_name`, `password`, `phone`, `address`, `create_time`, `update_time`, `email`, `sex`, `birthday` FROM `user` AS `User` WHERE `User`.`dddd` = '张丹' LIMIT 1;
info: 2020-06-29 21:24:02|mysqlConect.ts:35|INFO|16952|Executing (default): SELECT `id`, `dddd` AS `user_name`, `nick_name`, `password`, `phone`, `address`, `create_time`, `update_time`, `email`, `sex`, `birthday` FROM `user` AS `User` WHERE `User`.`dddd` = '张丹' LIMIT 1;
info: 2020-06-29 21:24:02|mysqlConect.ts:35|INFO|16952|Executing (default): SELECT `id`, `dddd` AS `user_name`, `nick_name`, `password`, `phone`, `address`, `create_time`, `update_time`, `email`, `sex`, `birthday` FROM `user` AS `User` WHERE `User`.`dddd` = '张丹' LIMIT 1;
info: 2020-06-29 21:24:05|mysqlConect.ts:35|INFO|16952|Executing (default): SELECT `id`, `dddd` AS `user_name`, `nick_name`, `password`, `phone`, `address`, `create_time`, `update_time`, `email`, `sex`, `birthday` FROM `user` AS `User` WHERE `User`.`dddd` = '张丹' LIMIT 1;
info: 2020-06-29 21:24:05|mysqlConect.ts:35|INFO|16952|Executing (default): SELECT `id`, `dddd` AS `user_name`, `nick_name`, `password`, `phone`, `address`, `create_time`, `update_time`, `email`, `sex`, `birthday` FROM `user` AS `User` WHERE `User`.`dddd` = '张丹' LIMIT 1;
info: 2020-06-29 21:24:05|mysqlConect.ts:35|INFO|16952|Executing (default): SELECT `id`, `dddd` AS `user_name`, `nick_name`, `password`, `phone`, `address`, `create_time`, `update_time`, `email`, `sex`, `birthday` FROM `user` AS `User` WHERE `User`.`dddd` = '张丹' LIMIT 1;
info: 2020-06-29 21:24:06|mysqlConect.ts:35|INFO|16952|Executing (default): SELECT `id`, `dddd` AS `user_name`, `nick_name`, `password`, `phone`, `address`, `create_time`, `update_time`, `email`, `sex`, `birthday` FROM `user` AS `User` WHERE `User`.`dddd` = '张丹' LIMIT 1;
info: 2020-06-29 21:24:06|mysqlConect.ts:35|INFO|16952|Executing (default): SELECT `id`, `dddd` AS `user_name`, `nick_name`, `password`, `phone`, `address`, `create_time`, `update_time`, `email`, `sex`, `birthday` FROM `user` AS `User` WHERE `User`.`dddd` = '张丹' LIMIT 1;
info: 2020-06-29 21:24:07|mysqlConect.ts:35|INFO|16952|Executing (default): SELECT `id`, `dddd` AS `user_name`, `nick_name`, `password`, `phone`, `address`, `create_time`, `update_time`, `email`, `sex`, `birthday` FROM `user` AS `User` WHERE `User`.`dddd` = '张丹' LIMIT 1;
info: 2020-06-29 21:24:08|mysqlConect.ts:35|INFO|16952|Executing (default): SELECT `id`, `dddd` AS `user_name`, `nick_name`, `password`, `phone`, `address`, `create_time`, `update_time`, `email`, `sex`, `birthday` FROM `user` AS `User` WHERE `User`.`dddd` = '张丹' LIMIT 1;
info: 2020-06-29 21:24:08|mysqlConect.ts:35|INFO|16952|Executing (default): SELECT `id`, `dddd` AS `user_name`, `nick_name`, `password`, `phone`, `address`, `create_time`, `update_time`, `email`, `sex`, `birthday` FROM `user` AS `User` WHERE `User`.`dddd` = '张丹' LIMIT 1;
info: 2020-06-29 21:24:14|mysqlConect.ts:35|INFO|22292|Executing (default): SELECT 1+1 AS result
info: 2020-06-29 21:24:14|mysqlConect.ts:35|INFO|22292|Executing (default): SELECT * FROM `user`
info: 2020-06-29 21:24:14|mysqlConect.ts:43|INFO|22292|mysql connect start!
info: 2020-06-29 21:24:14|mysqlConect.ts:35|INFO|22292|Executing (default): SELECT `id`, `user_name`, `nick_name`, `password`, `phone`, `address`, `create_time`, `update_time`, `email`, `sex`, `birthday` FROM `user` AS `User` WHERE `User`.`user_name` = '张丹' LIMIT 1;
info: 2020-06-29 21:24:14|mysqlConect.ts:35|INFO|22292|Executing (default): SELECT `id`, `user_name`, `nick_name`, `password`, `phone`, `address`, `create_time`, `update_time`, `email`, `sex`, `birthday` FROM `user` AS `User` WHERE `User`.`user_name` = '张丹' LIMIT 1;
info: 2020-06-29 21:24:14|mysqlConect.ts:35|INFO|22292|Executing (default): SELECT `id`, `user_name`, `nick_name`, `password`, `phone`, `address`, `create_time`, `update_time`, `email`, `sex`, `birthday` FROM `user` AS `User` WHERE `User`.`user_name` = '张丹' LIMIT 1;
info: 2020-06-29 21:24:14|mysqlConect.ts:35|INFO|22292|Executing (default): SELECT `id`, `user_name`, `nick_name`, `password`, `phone`, `address`, `create_time`, `update_time`, `email`, `sex`, `birthday` FROM `user` AS `User` WHERE `User`.`user_name` = '张丹' LIMIT 1;
info: 2020-06-29 21:24:14|mysqlConect.ts:35|INFO|22292|Executing (default): SELECT `id`, `user_name`, `nick_name`, `password`, `phone`, `address`, `create_time`, `update_time`, `email`, `sex`, `birthday` FROM `user` AS `User` WHERE `User`.`user_name` = '张丹' LIMIT 1;
info: 2020-06-29 21:24:15|mysqlConect.ts:35|INFO|22292|Executing (default): SELECT `id`, `user_name`, `nick_name`, `password`, `phone`, `address`, `create_time`, `update_time`, `email`, `sex`, `birthday` FROM `user` AS `User` WHERE `User`.`user_name` = '张丹' LIMIT 1;
info: 2020-06-29 21:25:54|mysqlConect.ts:35|INFO|21296|Executing (default): SELECT 1+1 AS result
info: 2020-06-29 21:25:54|mysqlConect.ts:35|INFO|21296|Executing (default): SELECT * FROM `user`
info: 2020-06-29 21:25:54|mysqlConect.ts:43|INFO|21296|mysql connect start!
info: 2020-06-29 21:29:05|mysqlConect.ts:35|INFO|3156|Executing (default): SELECT 1+1 AS result
info: 2020-06-29 21:29:05|mysqlConect.ts:35|INFO|3156|Executing (default): SELECT * FROM `user`
info: 2020-06-29 21:29:05|mysqlConect.ts:43|INFO|3156|mysql connect start!
info: 2020-06-29 21:29:12|mysqlConect.ts:35|INFO|6184|Executing (default): SELECT 1+1 AS result
info: 2020-06-29 21:29:12|mysqlConect.ts:35|INFO|6184|Executing (default): SELECT * FROM `user`
info: 2020-06-29 21:29:12|mysqlConect.ts:43|INFO|6184|mysql connect start!
info: 2020-06-29 21:29:27|mysqlConect.ts:35|INFO|24740|Executing (default): SELECT 1+1 AS result
info: 2020-06-29 21:29:27|mysqlConect.ts:35|INFO|24740|Executing (default): SELECT * FROM `user`
info: 2020-06-29 21:29:27|mysqlConect.ts:43|INFO|24740|mysql connect start!
info: 2020-06-29 21:29:30|mysqlConect.ts:35|INFO|24488|Executing (default): SELECT 1+1 AS result
info: 2020-06-29 21:29:30|mysqlConect.ts:35|INFO|24488|Executing (default): SELECT * FROM `user`
info: 2020-06-29 21:29:30|mysqlConect.ts:43|INFO|24488|mysql connect start!
info: 2020-06-29 21:29:35|mysqlConect.ts:35|INFO|19608|Executing (default): SELECT 1+1 AS result
info: 2020-06-29 21:29:35|mysqlConect.ts:43|INFO|19608|mysql connect start!
info: 2020-06-29 21:29:35|mysqlConect.ts:35|INFO|19608|Executing (default): SELECT * FROM `user`
info: 2020-06-29 21:29:37|mysqlConect.ts:35|INFO|19608|Executing (default): SELECT `id`, `user_name`, `nick_name`, `password`, `phone`, `address`, `create_time`, `update_time`, `email`, `sex`, `birthday` FROM `user` AS `User` WHERE `User`.`user_name` = '张丹' LIMIT 1;
info: 2020-06-29 21:29:41|mysqlConect.ts:35|INFO|19608|Executing (default): SELECT `id`, `user_name`, `nick_name`, `password`, `phone`, `address`, `create_time`, `update_time`, `email`, `sex`, `birthday` FROM `user` AS `User` WHERE `User`.`user_name` = '张丹' LIMIT 1;
info: 2020-06-29 21:30:40|mysqlConect.ts:35|INFO|7076|Executing (default): SELECT 1+1 AS result
info: 2020-06-29 21:30:40|mysqlConect.ts:35|INFO|7076|Executing (default): SELECT * FROM `user`
info: 2020-06-29 21:30:40|mysqlConect.ts:43|INFO|7076|mysql connect start!
info: 2020-06-29 21:30:52|mysqlConect.ts:35|INFO|22324|Executing (default): SELECT 1+1 AS result
info: 2020-06-29 21:30:52|mysqlConect.ts:35|INFO|22324|Executing (default): SELECT * FROM `user`
info: 2020-06-29 21:30:52|mysqlConect.ts:43|INFO|22324|mysql connect start!
info: 2020-06-29 21:30:52|mysqlConect.ts:35|INFO|22324|Executing (default): SELECT `id`, `user_name`, `nick_name`, `password`, `phone`, `address`, `create_time`, `update_time`, `email`, `sex`, `birthday` FROM `user` AS `User` WHERE `User`.`user_name` = '张丹' LIMIT 1;
info: 2020-06-29 21:31:12|mysqlConect.ts:35|INFO|7148|Executing (default): SELECT 1+1 AS result
info: 2020-06-29 21:31:12|mysqlConect.ts:35|INFO|7148|Executing (default): SELECT * FROM `user`
info: 2020-06-29 21:31:12|mysqlConect.ts:43|INFO|7148|mysql connect start!
info: 2020-06-29 21:31:20|mysqlConect.ts:35|INFO|22404|Executing (default): SELECT 1+1 AS result
info: 2020-06-29 21:31:20|mysqlConect.ts:35|INFO|22404|Executing (default): SELECT * FROM `user`
info: 2020-06-29 21:31:20|mysqlConect.ts:43|INFO|22404|mysql connect start!
info: 2020-06-29 21:31:20|mysqlConect.ts:35|INFO|22404|Executing (default): SELECT `id`, `user_name`, `nick_name`, `password`, `phone`, `address`, `create_time`, `update_time`, `email`, `sex`, `birthday` FROM `user` AS `User` WHERE `User`.`user_name` = '张丹' LIMIT 1;
info: 2020-06-29 21:31:38|mysqlConect.ts:35|INFO|6540|Executing (default): SELECT 1+1 AS result
info: 2020-06-29 21:31:38|mysqlConect.ts:35|INFO|6540|Executing (default): SELECT * FROM `user`
info: 2020-06-29 21:31:38|mysqlConect.ts:43|INFO|6540|mysql connect start!
info: 2020-06-29 21:31:38|mysqlConect.ts:35|INFO|6540|Executing (default): SELECT `id`, `user_name`, `nick_name`, `password`, `phone`, `address`, `create_time`, `update_time`, `email`, `sex`, `birthday` FROM `user` AS `User` WHERE `User`.`user_name` = '张丹' LIMIT 1;
info: 2020-06-29 21:32:21|mysqlConect.ts:35|INFO|22656|Executing (default): SELECT 1+1 AS result
info: 2020-06-29 21:32:21|mysqlConect.ts:35|INFO|22656|Executing (default): SELECT * FROM `user`
info: 2020-06-29 21:32:21|mysqlConect.ts:43|INFO|22656|mysql connect start!
info: 2020-06-29 21:32:21|mysqlConect.ts:35|INFO|22656|Executing (default): SELECT `id`, `user_name`, `nick_name`, `password`, `phone`, `address`, `create_time`, `update_time`, `email`, `sex`, `birthday` FROM `user` AS `User` WHERE `User`.`user_name` = '张丹' LIMIT 1;
info: 2020-06-29 21:32:52|mysqlConect.ts:35|INFO|11576|Executing (default): SELECT 1+1 AS result
info: 2020-06-29 21:32:52|mysqlConect.ts:35|INFO|11576|Executing (default): SELECT * FROM `user`
info: 2020-06-29 21:32:52|mysqlConect.ts:43|INFO|11576|mysql connect start!
info: 2020-06-29 21:33:46|mysqlConect.ts:35|INFO|25412|Executing (default): SELECT 1+1 AS result
info: 2020-06-29 21:33:46|mysqlConect.ts:35|INFO|25412|Executing (default): SELECT * FROM `user`
info: 2020-06-29 21:33:46|mysqlConect.ts:43|INFO|25412|mysql connect start!
info: 2020-06-29 21:35:16|mysqlConect.ts:35|INFO|13160|Executing (default): SELECT 1+1 AS result
info: 2020-06-29 21:35:16|mysqlConect.ts:35|INFO|13160|Executing (default): SELECT * FROM `user`
info: 2020-06-29 21:35:16|mysqlConect.ts:43|INFO|13160|mysql connect start!
info: 2020-06-29 21:35:23|mysqlConect.ts:35|INFO|25212|Executing (default): SELECT 1+1 AS result
info: 2020-06-29 21:35:23|mysqlConect.ts:35|INFO|25212|Executing (default): SELECT * FROM `user`
info: 2020-06-29 21:35:23|mysqlConect.ts:43|INFO|25212|mysql connect start!
info: 2020-06-29 21:35:27|mysqlConect.ts:35|INFO|2400|Executing (default): SELECT 1+1 AS result
info: 2020-06-29 21:35:27|mysqlConect.ts:43|INFO|2400|mysql connect start!
info: 2020-06-29 21:35:27|mysqlConect.ts:35|INFO|2400|Executing (default): SELECT * FROM `user`
info: 2020-06-29 21:35:27|mysqlConect.ts:35|INFO|2400|Executing (default): SELECT `id`, `user_name`, `nick_name`, `password`, `phone`, `address`, `create_time`, `update_time`, `email`, `sex`, `birthday` FROM `user` AS `User` WHERE `User`.`user_name` = '张丹' LIMIT 1;
info: 2020-06-29 21:35:44|mysqlConect.ts:35|INFO|26056|Executing (default): SELECT 1+1 AS result
info: 2020-06-29 21:35:44|mysqlConect.ts:35|INFO|26056|Executing (default): SELECT * FROM `user`
info: 2020-06-29 21:35:44|mysqlConect.ts:43|INFO|26056|mysql connect start!
info: 2020-06-29 21:35:45|mysqlConect.ts:35|INFO|26056|Executing (default): SELECT `id`, `user_name`, `nick_name`, `password`, `phone`, `address`, `create_time`, `update_time`, `email`, `sex`, `birthday` FROM `user` AS `User` WHERE `User`.`user_name` = '张丹' LIMIT 1;
info: 2020-06-29 21:35:51|mysqlConect.ts:35|INFO|26056|Executing (default): SELECT `id`, `user_name`, `nick_name`, `password`, `phone`, `address`, `create_time`, `update_time`, `email`, `sex`, `birthday` FROM `user` AS `User` WHERE `User`.`user_name` = '张丹' LIMIT 1;
info: 2020-06-29 21:36:07|mysqlConect.ts:35|INFO|13040|Executing (default): SELECT 1+1 AS result
info: 2020-06-29 21:36:07|mysqlConect.ts:35|INFO|13040|Executing (default): SELECT * FROM `user`
info: 2020-06-29 21:36:07|mysqlConect.ts:43|INFO|13040|mysql connect start!
info: 2020-06-29 21:36:33|mysqlConect.ts:35|INFO|13936|Executing (default): SELECT 1+1 AS result
info: 2020-06-29 21:36:33|mysqlConect.ts:35|INFO|13936|Executing (default): SELECT * FROM `user`
info: 2020-06-29 21:36:33|mysqlConect.ts:43|INFO|13936|mysql connect start!
info: 2020-06-29 21:36:33|mysqlConect.ts:35|INFO|13936|Executing (default): SELECT `id`, `user_name`, `nick_name`, `password`, `phone`, `address`, `create_time`, `update_time`, `email`, `sex`, `birthday` FROM `user` AS `User` WHERE `User`.`user_name` = '张丹' LIMIT 1;
info: 2020-06-29 21:36:46|mysqlConect.ts:35|INFO|14384|Executing (default): SELECT 1+1 AS result
info: 2020-06-29 21:36:46|mysqlConect.ts:35|INFO|14384|Executing (default): SELECT * FROM `user`
info: 2020-06-29 21:36:46|mysqlConect.ts:35|INFO|14384|Executing (default): SELECT `id`, `user_name`, `nick_name`, `password`, `phone`, `address`, `create_time`, `update_time`, `email`, `sex`, `birthday` FROM `user` AS `User` WHERE `User`.`user_name` = '张丹' LIMIT 1;
info: 2020-06-29 21:36:46|mysqlConect.ts:43|INFO|14384|mysql connect start!
info: 2020-06-29 21:37:12|mysqlConect.ts:35|INFO|1112|Executing (default): SELECT 1+1 AS result
info: 2020-06-29 21:37:12|mysqlConect.ts:35|INFO|1112|Executing (default): SELECT * FROM `user`
info: 2020-06-29 21:37:12|mysqlConect.ts:43|INFO|1112|mysql connect start!
info: 2020-06-29 21:38:44|mysqlConect.ts:35|INFO|24212|Executing (default): SELECT 1+1 AS result
info: 2020-06-29 21:38:44|mysqlConect.ts:35|INFO|24212|Executing (default): SELECT * FROM `user`
info: 2020-06-29 21:38:44|mysqlConect.ts:43|INFO|24212|mysql connect start!
info: 2020-06-29 21:44:27|mysqlConect.ts:35|INFO|24072|Executing (default): SELECT 1+1 AS result
info: 2020-06-29 21:44:27|mysqlConect.ts:35|INFO|24072|Executing (default): SELECT * FROM `user`
info: 2020-06-29 21:44:27|mysqlConect.ts:43|INFO|24072|mysql connect start!
info: 2020-06-29 21:44:27|mysqlConect.ts:35|INFO|24072|Executing (default): SELECT `id`, `user_name`, `nick_name`, `password`, `phone`, `address`, `create_time`, `update_time`, `email`, `sex`, `birthday` FROM `user` AS `User` WHERE `User`.`user_name` = '张丹' LIMIT 1;
