Arguments: 
  C:\Program Files\nodejs\node.exe C:\Program Files (x86)\Yarn\bin\yarn.js install

PATH: 
  C:\Users\Administrator\bin;C:\Program Files\Git\mingw64\bin;C:\Program Files\Git\usr\local\bin;C:\Program Files\Git\usr\bin;C:\Program Files\Git\usr\bin;C:\Program Files\Git\mingw64\bin;C:\Program Files\Git\usr\bin;C:\Users\Administrator\bin;C:\Program Files (x86)\NetSarang\Xshell 6;C:\Program Files (x86)\NVIDIA Corporation\PhysX\Common;C:\Windows\system32;C:\Windows;C:\Windows\System32\Wbem;C:\Windows\System32\WindowsPowerShell\v1.0;C:\Windows\System32\OpenSSH;C:\Program Files\nodejs;C:\Program Files\Git\cmd;C:\Program Files (x86)\Yarn\bin;E:\MongoDB\bin;E:\redis;C:\Program Files\TortoiseGit\bin;E:\redis;C:\Users\Administrator\AppData\Local\Microsoft\WindowsApps;E:\vscode\Microsoft VS Code\bin;C:\Users\Administrator\AppData\Roaming\npm;C:\Program Files\nodejs;C:\Users\Administrator\AppData\Local\Yarn\bin;C:\Program Files\Git\usr\bin\vendor_perl;C:\Program Files\Git\usr\bin\core_perl

Yarn version: 
  1.17.3

Node version: 
  10.15.3

Platform: 
  win32 x64

Trace: 
  Error: https://registry.yarnpkg.com/%60nodemailer%60: Not found
      at Request.params.callback [as _callback] (C:\Program Files (x86)\Yarn\lib\cli.js:65939:18)
      at Request.self.callback (C:\Program Files (x86)\Yarn\lib\cli.js:140464:22)
      at Request.emit (events.js:189:13)
      at Request.<anonymous> (C:\Program Files (x86)\Yarn\lib\cli.js:141436:10)
      at Request.emit (events.js:189:13)
      at IncomingMessage.<anonymous> (C:\Program Files (x86)\Yarn\lib\cli.js:141358:12)
      at Object.onceWrapper (events.js:277:13)
      at IncomingMessage.emit (events.js:194:15)
      at endReadableNT (_stream_readable.js:1125:12)
      at process._tickCallback (internal/process/next_tick.js:63:19)

npm manifest: 
  {
    "name": "y",
    "version": "1.0.0",
    "description": "",
    "main": "index.js",
    "scripts": {
      "test": "echo \"Error: no test specified\" && exit 1",
      "start": "nodemon",
      "build": "rm -rf dist && tsc",
      "pm2": "pm2 start pm2.conf.json --watch"
    },
    "author": "xiayi",
    "license": "ISC",
    "dependencies": {
      "@hapi/joi": "^17.1.1",
      "@koa/router": "^8.0.8",
      "`nodemailer`": "^6.4.6",
      "cors": "^2.8.5",
      "dotenv": "^8.2.0",
      "ioredis": "^4.16.0",
      "jsonwebtoken": "^8.5.1",
      "koa": "^2.11.0",
      "koa-body": "^4.1.1",
      "koa-bodyparser": "^2.5.0",
      "koa-jwt": "^3.6.0",
      "koa-router": "^8.0.8",
      "koa-static": "^5.0.0",
      "koa2-cors": "^2.0.6",
      "moment": "^2.24.0",
      "mysql": "^2.18.1",
      "mysql2": "^2.1.0",
      "node-schedule": "^1.3.2",
      "reflect-metadata": "^0.1.13",
      "sequelize": "^5.21.6",
      "sequelize-typescript": "^1.1.0",
      "socket.io": "^2.3.0",
      "typedi": "^0.8.0",
      "winston": "^3.2.1"
    },
    "devDependencies": {
      "eslint": "^6.8.0",
      "nodemon": "^2.0.2"
    }
  }

yarn manifest: 
  No manifest

Lockfile: 
  No lockfile
